{
  "stats": {
    "suites": 1,
    "tests": 1,
    "passes": 1,
    "pending": 0,
    "failures": 0,
    "start": "2024-11-18T16:09:47.324Z",
    "end": "2024-11-18T16:09:51.685Z",
    "duration": 4361,
    "testsRegistered": 1,
    "passPercent": 100,
    "pendingPercent": 0,
    "other": 0,
    "hasOther": false,
    "skipped": 0,
    "hasSkipped": false
  },
  "results": [
    {
      "uuid": "a4234f24-9ca7-4cba-a8be-35146b10c6b0",
      "title": "",
      "fullFile": "cypress\\e2e\\frontend.spec.cy.ts",
      "file": "cypress\\e2e\\frontend.spec.cy.ts",
      "beforeHooks": [],
      "afterHooks": [],
      "tests": [],
      "suites": [
        {
          "uuid": "64f623de-6b85-44f8-9b9d-a56238787742",
          "title": "Polestar Developer Portal Test",
          "fullFile": "",
          "file": "",
          "beforeHooks": [],
          "afterHooks": [],
          "tests": [
            {
              "title": "Should load the homepage successfully",
              "fullTitle": "Polestar Developer Portal Test Should load the homepage successfully",
              "timedOut": null,
              "duration": 3979,
              "state": "passed",
              "speed": "fast",
              "pass": true,
              "fail": false,
              "pending": false,
              "context": null,
              "code": "cy.visit('/');\ncy.title().should('include', 'Polestar');\ncy.get('header').should('exist'); // Example: Validates the header.",
              "err": {},
              "uuid": "4c902007-24f3-4805-bbf8-5087dbc3e896",
              "parentUUID": "64f623de-6b85-44f8-9b9d-a56238787742",
              "isHook": false,
              "skipped": false
            }
          ],
          "suites": [],
          "passes": [
            "4c902007-24f3-4805-bbf8-5087dbc3e896"
          ],
          "failures": [],
          "pending": [],
          "skipped": [],
          "duration": 3979,
          "root": false,
          "rootEmpty": false,
          "_timeout": 2000
        }
      ],
      "passes": [],
      "failures": [],
      "pending": [],
      "skipped": [],
      "duration": 0,
      "root": true,
      "rootEmpty": true,
      "_timeout": 2000
    }
  ],
  "meta": {
    "mocha": {
      "version": "7.0.1"
    },
    "mochawesome": {
      "options": {
        "quiet": false,
        "reportFilename": "mochawesome",
        "saveHtml": false,
        "saveJson": true,
        "consoleReporter": "spec",
        "useInlineDiffs": false,
        "code": true
      },
      "version": "7.1.3"
    },
    "marge": {
      "options": {
        "reportDir": "cypress\\reports\\.jsons",
        "overwrite": false,
        "html": false,
        "json": true
      },
      "version": "6.2.0"
    }
  }
}